<?xml version="1.0" encoding="UTF-8"?>
<testsuite name="ru.netology.UiAutomatorTest" tests="1" skipped="0" failures="0" errors="0" timestamp="2022-04-29T12:54:43" hostname="192.168.0.106" time="4.684">
  <properties/>
  <testcase name="twoTest()" classname="ru.netology.UiAutomatorTest" time="4.684"/>
  <system-out><![CDATA[]]></system-out>
  <system-err><![CDATA[апр. 29, 2022 3:54:43 PM io.appium.java_client.remote.AppiumCommandExecutor$1 lambda$0
INFO: Detected dialect: W3C
]]></system-err>
</testsuite>
